2025-10-13 04:12:08 - INFO - 日志文件已创建: logs/mount_log_20251013_041208.log
2025-10-13 04:12:08 - INFO - 系统启动
2025-10-13 04:12:08 - INFO - 读取数据文件: /home/thl/2025Fall/Mount-Data-to-KG/project/data/metal_test.json
2025-10-13 04:12:08 - INFO - 共加载 1 条材料数据
2025-10-13 04:12:08 - INFO - 连接Neo4j数据库
2025-10-13 04:12:08 - INFO - 
开始批量处理 1 条材料数据

2025-10-13 04:12:08 - INFO - 
======================================================================
2025-10-13 04:12:08 - INFO - 开始处理材料 #0
2025-10-13 04:12:08 - INFO - ======================================================================
2025-10-13 04:12:08 - INFO - 
【层级 1】当前节点: 材料
2025-10-13 04:12:08 - DEBUG - 找到 7 个子节点（方向: outbound）
2025-10-13 04:12:08 - DEBUG - 开始分类，父节点: 材料
2025-10-13 04:12:18 - DEBUG - 分类成功: 无机非金属材料
2025-10-13 04:12:18 - DEBUG - 理由: 该材料是陶瓷膜，主要成分为陶瓷，属于无机非金属材料。陶瓷膜具有耐高温、耐腐蚀、机械强度高等特性，常用于水处理、分离过滤等工业应用。从成分、性质和应用来看，符合无机非金属材料的特征。
2025-10-13 04:12:18 - INFO - 【层级 1】分类: 材料
2025-10-13 04:12:18 - DEBUG -   候选: 性能, 金属材料, 无机非金属材料, 信息材料, 能源材料, 复合材料, 有机高分子材料
2025-10-13 04:12:18 - INFO -   结果: 无机非金属材料
2025-10-13 04:12:18 - DEBUG -   理由: 该材料是陶瓷膜，主要成分为陶瓷，属于无机非金属材料。陶瓷膜具有耐高温、耐腐蚀、机械强度高等特性，常用于水处理、分离过滤等工业应用。从成分、性质和应用来看，符合无机非金属材料的特征。
2025-10-13 04:12:18 - INFO - 
【层级 2】当前节点: 无机非金属材料
2025-10-13 04:12:18 - DEBUG - 找到 10 个子节点（方向: inbound）
2025-10-13 04:12:18 - ERROR - 无法获取节点 '无机非金属材料' 的分类信息
2025-10-13 04:12:18 - ERROR - 【处理失败】材料索引 0: 无法获取节点 '无机非金属材料' 的分类信息
2025-10-13 04:12:18 - INFO - 
保存结果文件
2025-10-13 04:12:18 - INFO - 
======================================================================
2025-10-13 04:12:18 - INFO - 处理完成！
2025-10-13 04:12:18 - INFO -   总计: 1 条
2025-10-13 04:12:18 - INFO -   成功: 0 条
2025-10-13 04:12:18 - INFO -   失败: 1 条
2025-10-13 04:12:18 - INFO - ======================================================================
2025-10-13 04:12:18 - INFO - 
日志文件: logs/mount_log_20251013_041208.log
2025-10-13 04:12:18 - INFO - 结果文件: results/mount_result_20251013_041208.json
2025-10-13 04:12:18 - INFO - 
======================================================================
