2025-10-13 03:23:33 - INFO - 日志文件已创建: logs/mount_log_20251013_032333.log
2025-10-13 03:23:33 - INFO - 系统启动
2025-10-13 03:23:33 - INFO - 读取数据文件: /home/thl/2025Fall/Mount-Data-to-KG/project/data/high_entropy_alloy.json
2025-10-13 03:23:33 - INFO - 共加载 3 条材料数据
2025-10-13 03:23:33 - INFO - 连接Neo4j数据库
2025-10-13 03:23:33 - INFO - 
开始批量处理 3 条材料数据

2025-10-13 03:23:33 - INFO - 
======================================================================
2025-10-13 03:23:33 - INFO - 开始处理材料 #0
2025-10-13 03:23:33 - INFO - ======================================================================
2025-10-13 03:23:33 - INFO - 
【层级 1】当前节点: 材料
2025-10-13 03:23:33 - DEBUG - 找到 7 个子节点（方向: outbound）
2025-10-13 03:23:33 - DEBUG - 开始分类，父节点: 材料
2025-10-13 03:23:46 - DEBUG - 分类成功: 金属材料
2025-10-13 03:23:46 - DEBUG - 理由: 该材料Mn1Fe1Co1Ni1Cu1Nb2是一种高熵合金，由多种金属元素（Mn、Fe、Co、Ni、Cu、Nb）组成，具有等原子比特征。高熵合金属于金属材料的一个特殊类别，具有多主元合金的特征，预测硬度为609.87，表现出典型的金属材料性能特征。
2025-10-13 03:23:46 - INFO - 【层级 1】分类: 材料
2025-10-13 03:23:46 - DEBUG -   候选: 性能, 金属材料, 无机非金属材料, 信息材料, 能源材料, 复合材料, 有机高分子材料
2025-10-13 03:23:46 - INFO -   结果: 金属材料
2025-10-13 03:23:46 - DEBUG -   理由: 该材料Mn1Fe1Co1Ni1Cu1Nb2是一种高熵合金，由多种金属元素（Mn、Fe、Co、Ni、Cu、Nb）组成，具有等原子比特征。高熵合金属于金属材料的一个特殊类别，具有多主元合金的特征，预测硬度为609.87，表现出典型的金属材料性能特征。
2025-10-13 03:23:46 - INFO - 
【层级 2】当前节点: 金属材料
2025-10-13 03:23:46 - DEBUG - 找到 5 个子节点（方向: outbound）
2025-10-13 03:23:46 - DEBUG - 开始分类，父节点: 金属材料
2025-10-13 03:24:01 - DEBUG - 分类成功: 特殊用途金属材料
2025-10-13 03:24:01 - DEBUG - 理由: 该材料Mn1Fe1Co1Ni1Cu1Nb2是一个典型的高熵合金，包含6种主要金属元素（Mn、Fe、Co、Ni、Cu、Nb），每种元素原子比例相近。高熵合金具有高混合熵效应，形成简单固溶体结构，通常具有优异的力学性能、耐腐蚀性和热稳定性。根据提供的分类标准，高熵合金明确属于特殊用途金属材料的子类型。
2025-10-13 03:24:01 - INFO - 【层级 2】分类: 金属材料
2025-10-13 03:24:01 - DEBUG -   候选: 金属功能材料, 有色金属材料, 粉末冶金材料, 钢铁, 特殊用途金属材料
2025-10-13 03:24:01 - INFO -   结果: 特殊用途金属材料
2025-10-13 03:24:01 - DEBUG -   理由: 该材料Mn1Fe1Co1Ni1Cu1Nb2是一个典型的高熵合金，包含6种主要金属元素（Mn、Fe、Co、Ni、Cu、Nb），每种元素原子比例相近。高熵合金具有高混合熵效应，形成简单固溶体结构，通常具有优异的力学性能、耐腐蚀性和热稳定性。根据提供的分类标准，高熵合金明确属于特殊用途金属材料的子类型。
2025-10-13 03:24:01 - INFO - 
【层级 3】当前节点: 特殊用途金属材料
2025-10-13 03:24:01 - DEBUG - 找到 5 个子节点（方向: outbound）
2025-10-13 03:24:01 - DEBUG - 开始分类，父节点: 特殊用途金属材料
2025-10-13 03:24:11 - DEBUG - 分类成功: 高熵合金
2025-10-13 03:24:11 - DEBUG - 理由: 该材料Mn1Fe1Co1Ni1Cu1Nb2包含6种主要元素，是多主元合金设计，明确标注为高熵合金的机器学习预测数据，具有较高的预测硬度(609.87)，完全符合高熵合金的多元素固溶体特征。
2025-10-13 03:24:11 - INFO - 【层级 3】分类: 特殊用途金属材料
2025-10-13 03:24:11 - DEBUG -   候选: 高温合金, 金属间化合物, 高熵合金, 耐磨金属材料, 耐蚀合金
2025-10-13 03:24:11 - INFO -   结果: 高熵合金
2025-10-13 03:24:11 - DEBUG -   理由: 该材料Mn1Fe1Co1Ni1Cu1Nb2包含6种主要元素，是多主元合金设计，明确标注为高熵合金的机器学习预测数据，具有较高的预测硬度(609.87)，完全符合高熵合金的多元素固溶体特征。
2025-10-13 03:24:11 - INFO - 
【层级 4】当前节点: 高熵合金
2025-10-13 03:24:11 - INFO - ✅ 检测到特殊节点: 高熵合金
2025-10-13 03:24:11 - INFO - 
【特殊分类】开始为 '高熵合金' 选择具体实例
2025-10-13 03:24:11 - DEBUG - 开始选择实例，特殊节点: 高熵合金
2025-10-13 03:24:23 - DEBUG - 选择成功: 高熵材料
2025-10-13 03:24:23 - DEBUG - 理由: 该材料Mn1Fe1Co1Ni1Cu1Nb2包含6种主要元素，采用多主元等原子比配置，符合高熵合金的定义特征。数据明确标注为'面向高熵合金的机器学习模型预测数据'，且具有较高的预测硬度(609.87)，这些都是高熵材料的典型表现。
2025-10-13 03:24:23 - INFO - 【特殊分类】高熵合金
2025-10-13 03:24:23 - DEBUG -   候选: 材料类, 超高温材料, 高熵材料, 多主元合金, 多元素固溶体合金, High-entropy alloy, metallic material, 材料类型, 多主元高混乱度合金, 抗辐照新材料
2025-10-13 03:24:23 - INFO -   结果: 高熵材料
2025-10-13 03:24:23 - DEBUG -   理由: 该材料Mn1Fe1Co1Ni1Cu1Nb2包含6种主要元素，采用多主元等原子比配置，符合高熵合金的定义特征。数据明确标注为'面向高熵合金的机器学习模型预测数据'，且具有较高的预测硬度(609.87)，这些都是高熵材料的典型表现。
2025-10-13 03:24:23 - INFO - 
【挂载】挂载到目标节点: 高熵材料
2025-10-13 03:24:23 - INFO - 【挂载成功】Material_47fe554e3721 → 高熵材料
2025-10-13 03:24:23 - INFO -   路径: 材料 → 金属材料 → 特殊用途金属材料 → 高熵合金 → 高熵材料
2025-10-13 03:24:23 - INFO - 
======================================================================
2025-10-13 03:24:23 - INFO - 开始处理材料 #1
2025-10-13 03:24:23 - INFO - ======================================================================
2025-10-13 03:24:23 - INFO - 
【层级 1】当前节点: 材料
2025-10-13 03:24:23 - DEBUG - 找到 7 个子节点（方向: outbound）
2025-10-13 03:24:23 - DEBUG - 开始分类，父节点: 材料
2025-10-13 03:24:35 - DEBUG - 分类成功: 金属材料
2025-10-13 03:24:35 - DEBUG - 理由: 该材料Mn1Zr1Ta1是高熵合金，由金属元素锰(Mn)、锆(Zr)、钽(Ta)组成。高熵合金属于金属材料的一个特殊类别，具有多种主要元素组成的独特微观结构。虽然数据中提到了硬度预测，但这是材料的性能特征，材料本身属于金属材料类别。
2025-10-13 03:24:35 - INFO - 【层级 1】分类: 材料
2025-10-13 03:24:35 - DEBUG -   候选: 性能, 金属材料, 无机非金属材料, 信息材料, 能源材料, 复合材料, 有机高分子材料
2025-10-13 03:24:35 - INFO -   结果: 金属材料
2025-10-13 03:24:35 - DEBUG -   理由: 该材料Mn1Zr1Ta1是高熵合金，由金属元素锰(Mn)、锆(Zr)、钽(Ta)组成。高熵合金属于金属材料的一个特殊类别，具有多种主要元素组成的独特微观结构。虽然数据中提到了硬度预测，但这是材料的性能特征，材料本身属于金属材料类别。
2025-10-13 03:24:35 - INFO - 
【层级 2】当前节点: 金属材料
2025-10-13 03:24:35 - DEBUG - 找到 5 个子节点（方向: outbound）
2025-10-13 03:24:35 - DEBUG - 开始分类，父节点: 金属材料
2025-10-13 03:24:46 - DEBUG - 分类成功: 特殊用途金属材料
2025-10-13 03:24:46 - DEBUG - 理由: 该材料Mn1Zr1Ta1是基于高熵合金理念设计的合金，通过机器学习模型预测其硬度性能。高熵合金具有特殊的成分设计和性能特点，属于特殊用途金属材料的范畴，具体可归类为高熵合金类型。
2025-10-13 03:24:46 - INFO - 【层级 2】分类: 金属材料
2025-10-13 03:24:46 - DEBUG -   候选: 金属功能材料, 有色金属材料, 粉末冶金材料, 钢铁, 特殊用途金属材料
2025-10-13 03:24:46 - INFO -   结果: 特殊用途金属材料
2025-10-13 03:24:46 - DEBUG -   理由: 该材料Mn1Zr1Ta1是基于高熵合金理念设计的合金，通过机器学习模型预测其硬度性能。高熵合金具有特殊的成分设计和性能特点，属于特殊用途金属材料的范畴，具体可归类为高熵合金类型。
2025-10-13 03:24:46 - INFO - 
【层级 3】当前节点: 特殊用途金属材料
2025-10-13 03:24:46 - DEBUG - 找到 5 个子节点（方向: outbound）
2025-10-13 03:24:46 - DEBUG - 开始分类，父节点: 特殊用途金属材料
2025-10-13 03:24:59 - DEBUG - 分类成功: 高熵合金
2025-10-13 03:24:59 - DEBUG - 理由: 该材料Mn1Zr1Ta1具有高熵合金的典型特征：包含Mn、Zr、Ta三种主要元素，比例为1:1:1接近等原子比；摘要明确提到'面向高熵合金的机器学习模型预测数据'；通过机器学习模型预测硬度性能，这是高熵合金研究的常见方法；符合多主元合金的定义特征。
2025-10-13 03:24:59 - INFO - 【层级 3】分类: 特殊用途金属材料
2025-10-13 03:24:59 - DEBUG -   候选: 高温合金, 金属间化合物, 高熵合金, 耐磨金属材料, 耐蚀合金
2025-10-13 03:24:59 - INFO -   结果: 高熵合金
2025-10-13 03:24:59 - DEBUG -   理由: 该材料Mn1Zr1Ta1具有高熵合金的典型特征：包含Mn、Zr、Ta三种主要元素，比例为1:1:1接近等原子比；摘要明确提到'面向高熵合金的机器学习模型预测数据'；通过机器学习模型预测硬度性能，这是高熵合金研究的常见方法；符合多主元合金的定义特征。
2025-10-13 03:24:59 - INFO - 
【层级 4】当前节点: 高熵合金
2025-10-13 03:24:59 - INFO - ✅ 检测到特殊节点: 高熵合金
2025-10-13 03:24:59 - INFO - 
【特殊分类】开始为 '高熵合金' 选择具体实例
2025-10-13 03:24:59 - DEBUG - 开始选择实例，特殊节点: 高熵合金
2025-10-13 03:25:13 - DEBUG - 选择成功: 高熵材料
2025-10-13 03:25:13 - DEBUG - 理由: 该材料Mn1Zr1Ta1虽然只有三种元素，但数据明确标注为'面向高熵合金的机器学习模型预测数据'，且具有多种金属元素形成的固溶体特征。虽然传统高熵合金通常包含5种以上元素，但该材料被定位为高熵合金研究范畴，使用机器学习方法进行性能预测，符合高熵材料的定义和研究范式。
2025-10-13 03:25:13 - INFO - 【特殊分类】高熵合金
2025-10-13 03:25:13 - DEBUG -   候选: 材料类, 超高温材料, 高熵材料, 多主元合金, 多元素固溶体合金, High-entropy alloy, metallic material, 材料类型, 多主元高混乱度合金, 抗辐照新材料
2025-10-13 03:25:13 - INFO -   结果: 高熵材料
2025-10-13 03:25:13 - DEBUG -   理由: 该材料Mn1Zr1Ta1虽然只有三种元素，但数据明确标注为'面向高熵合金的机器学习模型预测数据'，且具有多种金属元素形成的固溶体特征。虽然传统高熵合金通常包含5种以上元素，但该材料被定位为高熵合金研究范畴，使用机器学习方法进行性能预测，符合高熵材料的定义和研究范式。
2025-10-13 03:25:13 - INFO - 
【挂载】挂载到目标节点: 高熵材料
2025-10-13 03:25:13 - INFO - 【挂载成功】Material_c603ba1a0d51 → 高熵材料
2025-10-13 03:25:13 - INFO -   路径: 材料 → 金属材料 → 特殊用途金属材料 → 高熵合金 → 高熵材料
2025-10-13 03:25:13 - INFO - 
======================================================================
2025-10-13 03:25:13 - INFO - 开始处理材料 #2
2025-10-13 03:25:13 - INFO - ======================================================================
2025-10-13 03:25:13 - INFO - 
【层级 1】当前节点: 材料
2025-10-13 03:25:13 - DEBUG - 找到 7 个子节点（方向: outbound）
2025-10-13 03:25:13 - DEBUG - 开始分类，父节点: 材料
2025-10-13 03:25:27 - DEBUG - 分类成功: 金属材料
2025-10-13 03:25:27 - DEBUG - 理由: 该材料Ti1V1Cr2Zr1Nb1Hf1是由多种金属元素（Ti、V、Cr、Zr、Nb、Hf）组成的高熵合金，具有金属材料的典型特征。高熵合金属于金属材料的一个特殊类别，其多主元成分设计和预测硬度531.6856730956472都表明这是金属功能材料。
2025-10-13 03:25:27 - INFO - 【层级 1】分类: 材料
2025-10-13 03:25:27 - DEBUG -   候选: 性能, 金属材料, 无机非金属材料, 信息材料, 能源材料, 复合材料, 有机高分子材料
2025-10-13 03:25:27 - INFO -   结果: 金属材料
2025-10-13 03:25:27 - DEBUG -   理由: 该材料Ti1V1Cr2Zr1Nb1Hf1是由多种金属元素（Ti、V、Cr、Zr、Nb、Hf）组成的高熵合金，具有金属材料的典型特征。高熵合金属于金属材料的一个特殊类别，其多主元成分设计和预测硬度531.6856730956472都表明这是金属功能材料。
2025-10-13 03:25:27 - INFO - 
【层级 2】当前节点: 金属材料
2025-10-13 03:25:27 - DEBUG - 找到 5 个子节点（方向: outbound）
2025-10-13 03:25:27 - DEBUG - 开始分类，父节点: 金属材料
2025-10-13 03:25:40 - DEBUG - 分类成功: 特殊用途金属材料
2025-10-13 03:25:40 - DEBUG - 理由: 该材料Ti1V1Cr2Zr1Nb1Hf1是一种多主元合金，由钛、钒、铬、锆、铌、铪六种主要元素组成，具有高熵合金的典型特征。高熵合金属于特殊用途金属材料的一个子类，具有独特的微观结构和优异的力学性能（如预测硬度531.7），常用于特殊工程应用。
2025-10-13 03:25:40 - INFO - 【层级 2】分类: 金属材料
2025-10-13 03:25:40 - DEBUG -   候选: 金属功能材料, 有色金属材料, 粉末冶金材料, 钢铁, 特殊用途金属材料
2025-10-13 03:25:40 - INFO -   结果: 特殊用途金属材料
2025-10-13 03:25:40 - DEBUG -   理由: 该材料Ti1V1Cr2Zr1Nb1Hf1是一种多主元合金，由钛、钒、铬、锆、铌、铪六种主要元素组成，具有高熵合金的典型特征。高熵合金属于特殊用途金属材料的一个子类，具有独特的微观结构和优异的力学性能（如预测硬度531.7），常用于特殊工程应用。
2025-10-13 03:25:40 - INFO - 
【层级 3】当前节点: 特殊用途金属材料
2025-10-13 03:25:40 - DEBUG - 找到 5 个子节点（方向: outbound）
2025-10-13 03:25:40 - DEBUG - 开始分类，父节点: 特殊用途金属材料
2025-10-13 03:25:51 - DEBUG - 分类成功: 高熵合金
2025-10-13 03:25:51 - DEBUG - 理由: 该材料Ti1V1Cr2Zr1Nb1Hf1包含6种主要元素，符合高熵合金的多主元特征；材料描述明确为'面向高熵合金的机器学习模型预测数据'；具有较高的预测硬度(531.69)；成分设计符合高熵合金的等原子比或近等原子比原则。
2025-10-13 03:25:51 - INFO - 【层级 3】分类: 特殊用途金属材料
2025-10-13 03:25:51 - DEBUG -   候选: 高温合金, 金属间化合物, 高熵合金, 耐磨金属材料, 耐蚀合金
2025-10-13 03:25:51 - INFO -   结果: 高熵合金
2025-10-13 03:25:51 - DEBUG -   理由: 该材料Ti1V1Cr2Zr1Nb1Hf1包含6种主要元素，符合高熵合金的多主元特征；材料描述明确为'面向高熵合金的机器学习模型预测数据'；具有较高的预测硬度(531.69)；成分设计符合高熵合金的等原子比或近等原子比原则。
2025-10-13 03:25:51 - INFO - 
【层级 4】当前节点: 高熵合金
2025-10-13 03:25:51 - INFO - ✅ 检测到特殊节点: 高熵合金
2025-10-13 03:25:51 - INFO - 
【特殊分类】开始为 '高熵合金' 选择具体实例
2025-10-13 03:25:51 - DEBUG - 开始选择实例，特殊节点: 高熵合金
2025-10-13 03:26:03 - DEBUG - 选择成功: 高熵材料
2025-10-13 03:26:03 - DEBUG - 理由: 该材料Ti1V1Cr2Zr1Nb1Hf1包含6种主要元素（Ti、V、Cr、Zr、Nb、Hf），采用多主元等原子比配置，符合高熵合金的定义特征。摘要明确提到'面向高熵合金的机器学习模型预测数据'，且材料名称格式符合高熵合金的命名惯例。
2025-10-13 03:26:03 - INFO - 【特殊分类】高熵合金
2025-10-13 03:26:03 - DEBUG -   候选: 材料类, 超高温材料, 高熵材料, 多主元合金, 多元素固溶体合金, High-entropy alloy, metallic material, 材料类型, 多主元高混乱度合金, 抗辐照新材料
2025-10-13 03:26:03 - INFO -   结果: 高熵材料
2025-10-13 03:26:03 - DEBUG -   理由: 该材料Ti1V1Cr2Zr1Nb1Hf1包含6种主要元素（Ti、V、Cr、Zr、Nb、Hf），采用多主元等原子比配置，符合高熵合金的定义特征。摘要明确提到'面向高熵合金的机器学习模型预测数据'，且材料名称格式符合高熵合金的命名惯例。
2025-10-13 03:26:03 - INFO - 
【挂载】挂载到目标节点: 高熵材料
2025-10-13 03:26:03 - INFO - 【挂载成功】Material_c97bcc6e42ba → 高熵材料
2025-10-13 03:26:03 - INFO -   路径: 材料 → 金属材料 → 特殊用途金属材料 → 高熵合金 → 高熵材料
2025-10-13 03:26:03 - INFO - 
保存结果文件
2025-10-13 03:26:03 - INFO - 
======================================================================
2025-10-13 03:26:03 - INFO - 处理完成！
2025-10-13 03:26:03 - INFO -   总计: 3 条
2025-10-13 03:26:03 - INFO -   成功: 3 条
2025-10-13 03:26:03 - INFO -   失败: 0 条
2025-10-13 03:26:03 - INFO - ======================================================================
2025-10-13 03:26:03 - INFO - 
日志文件: logs/mount_log_20251013_032333.log
2025-10-13 03:26:03 - INFO - 结果文件: results/mount_result_20251013_032333.json
2025-10-13 03:26:03 - INFO - 
======================================================================
