2025-10-15 06:28:35 - INFO - 日志文件已创建: logs/mount_log_20251015_062835.log
2025-10-15 06:28:35 - INFO - 系统启动
2025-10-15 06:28:35 - INFO - 读取数据文件: /home/thl/2025Fall/Mount-Data-to-KG/project/data/high_entropy_alloy.json
2025-10-15 06:28:35 - INFO - 共加载 3 条材料数据
2025-10-15 06:28:35 - INFO - 连接Neo4j数据库
2025-10-15 06:28:35 - INFO - 
开始批量处理 3 条材料数据

2025-10-15 06:28:35 - INFO - 
======================================================================
2025-10-15 06:28:35 - INFO - 开始处理材料 #0
2025-10-15 06:28:35 - INFO - ======================================================================
2025-10-15 06:28:35 - INFO - 
【轮次 1】当前节点: 材料
2025-10-15 06:28:35 - ERROR - 节点 '材料' 的labels异常: []
2025-10-15 06:28:35 - ERROR - 【处理失败】材料索引 0: 节点 '材料' 的labels异常: []
2025-10-15 06:28:35 - INFO - 
======================================================================
2025-10-15 06:28:35 - INFO - 开始处理材料 #1
2025-10-15 06:28:35 - INFO - ======================================================================
2025-10-15 06:28:35 - INFO - 
【轮次 1】当前节点: 材料
2025-10-15 06:28:35 - ERROR - 节点 '材料' 的labels异常: []
2025-10-15 06:28:35 - ERROR - 【处理失败】材料索引 1: 节点 '材料' 的labels异常: []
2025-10-15 06:28:35 - INFO - 
======================================================================
2025-10-15 06:28:35 - INFO - 开始处理材料 #2
2025-10-15 06:28:35 - INFO - ======================================================================
2025-10-15 06:28:35 - INFO - 
【轮次 1】当前节点: 材料
2025-10-15 06:28:35 - ERROR - 节点 '材料' 的labels异常: []
2025-10-15 06:28:35 - ERROR - 【处理失败】材料索引 2: 节点 '材料' 的labels异常: []
2025-10-15 06:28:35 - INFO - 
保存结果文件
2025-10-15 06:28:35 - INFO - 
======================================================================
2025-10-15 06:28:35 - INFO - 处理完成！
2025-10-15 06:28:35 - INFO -   总计: 3 条
2025-10-15 06:28:35 - INFO -   成功: 0 条
2025-10-15 06:28:35 - INFO -   失败: 3 条
2025-10-15 06:28:35 - INFO - ======================================================================
2025-10-15 06:28:35 - INFO - 
日志文件: logs/mount_log_20251015_062835.log
2025-10-15 06:28:35 - INFO - 结果文件: results/mount_result_20251015_062835.json
2025-10-15 06:28:35 - INFO - 
======================================================================
