2025-10-13 02:29:59 - INFO - 日志文件已创建: logs/mount_log_20251013_022959.log
2025-10-13 02:29:59 - INFO - 系统启动
2025-10-13 02:29:59 - INFO - 读取数据文件: /home/thl/2025Fall/data/method2/high_entropy_alloy.json
2025-10-13 02:29:59 - INFO - 共加载 16964 条材料数据
2025-10-13 02:29:59 - INFO - 连接Neo4j数据库
2025-10-13 02:29:59 - INFO - 
开始批量处理 16964 条材料数据

2025-10-13 02:29:59 - INFO - 
======================================================================
2025-10-13 02:29:59 - INFO - 开始处理材料 #0
2025-10-13 02:29:59 - INFO - ======================================================================
2025-10-13 02:29:59 - INFO - 
【层级 1】当前节点: 材料
2025-10-13 02:29:59 - DEBUG - 找到 7 个子节点（方向: outbound）
2025-10-13 02:29:59 - DEBUG - 开始分类，父节点: 材料
2025-10-13 02:30:12 - DEBUG - 分类成功: 金属材料
2025-10-13 02:30:12 - DEBUG - 理由: 该材料Mn1Fe1Co1Ni1Cu1Nb2是高熵合金，由多种金属元素（Mn、Fe、Co、Ni、Cu、Nb）组成，具有等原子比特征。高熵合金属于金属材料的一个特殊类别，具有独特的力学性能（如预测硬度609.868），符合金属材料的定义和特征。
2025-10-13 02:30:12 - INFO - 【层级 1】分类: 材料
2025-10-13 02:30:12 - DEBUG -   候选: 性能, 金属材料, 无机非金属材料, 信息材料, 能源材料, 复合材料, 有机高分子材料
2025-10-13 02:30:12 - INFO -   结果: 金属材料
2025-10-13 02:30:12 - DEBUG -   理由: 该材料Mn1Fe1Co1Ni1Cu1Nb2是高熵合金，由多种金属元素（Mn、Fe、Co、Ni、Cu、Nb）组成，具有等原子比特征。高熵合金属于金属材料的一个特殊类别，具有独特的力学性能（如预测硬度609.868），符合金属材料的定义和特征。
2025-10-13 02:30:12 - INFO - 
【层级 2】当前节点: 金属材料
2025-10-13 02:30:12 - DEBUG - 找到 5 个子节点（方向: outbound）
2025-10-13 02:30:12 - DEBUG - 开始分类，父节点: 金属材料
2025-10-13 02:30:25 - DEBUG - 分类成功: 特殊用途金属材料
2025-10-13 02:30:25 - DEBUG - 理由: 该材料Mn1Fe1Co1Ni1Cu1Nb2是多主元等原子比合金，具有高熵合金的典型特征，预测硬度达609.87 HV，属于特殊用途金属材料中的高熵合金类别。高熵合金以其独特的成分设计和优异性能被归类为特殊用途金属材料。
2025-10-13 02:30:25 - INFO - 【层级 2】分类: 金属材料
2025-10-13 02:30:25 - DEBUG -   候选: 金属功能材料, 有色金属材料, 粉末冶金材料, 钢铁, 特殊用途金属材料
2025-10-13 02:30:25 - INFO -   结果: 特殊用途金属材料
2025-10-13 02:30:25 - DEBUG -   理由: 该材料Mn1Fe1Co1Ni1Cu1Nb2是多主元等原子比合金，具有高熵合金的典型特征，预测硬度达609.87 HV，属于特殊用途金属材料中的高熵合金类别。高熵合金以其独特的成分设计和优异性能被归类为特殊用途金属材料。
2025-10-13 02:30:25 - INFO - 
【层级 3】当前节点: 特殊用途金属材料
2025-10-13 02:30:25 - DEBUG - 找到 5 个子节点（方向: outbound）
2025-10-13 02:30:25 - DEBUG - 开始分类，父节点: 特殊用途金属材料
2025-10-13 02:30:36 - DEBUG - 分类成功: 高熵合金
2025-10-13 02:30:36 - DEBUG - 理由: 该材料Mn1Fe1Co1Ni1Cu1Nb2具有多主元合金的典型特征：包含6种主要元素且原子比例相近，符合高熵合金的定义；材料描述明确提及'高熵合金'；具有较高的预测硬度，这是高熵合金的典型性能特征；成分中多种元素形成固溶体结构，符合高熵合金的多元素固溶体特征。
2025-10-13 02:30:36 - INFO - 【层级 3】分类: 特殊用途金属材料
2025-10-13 02:30:36 - DEBUG -   候选: 高温合金, 金属间化合物, 高熵合金, 耐磨金属材料, 耐蚀合金
2025-10-13 02:30:36 - INFO -   结果: 高熵合金
2025-10-13 02:30:36 - DEBUG -   理由: 该材料Mn1Fe1Co1Ni1Cu1Nb2具有多主元合金的典型特征：包含6种主要元素且原子比例相近，符合高熵合金的定义；材料描述明确提及'高熵合金'；具有较高的预测硬度，这是高熵合金的典型性能特征；成分中多种元素形成固溶体结构，符合高熵合金的多元素固溶体特征。
2025-10-13 02:30:36 - INFO - 
【层级 4】当前节点: 高熵合金
2025-10-13 02:30:36 - INFO - ✅ 检测到特殊节点: 高熵合金
2025-10-13 02:30:36 - INFO - 
【特殊分类】开始为 '高熵合金' 选择具体实例
2025-10-13 02:30:36 - DEBUG - 开始选择实例，特殊节点: 高熵合金
2025-10-13 02:30:49 - DEBUG - 选择成功: 高熵材料
2025-10-13 02:30:49 - DEBUG - 理由: 该材料Mn1Fe1Co1Ni1Cu1Nb2包含6种主要元素（Mn、Fe、Co、Ni、Cu、Nb），具有多元素等原子比或近等原子比的组成特征，符合高熵合金的定义：由5种或更多主要元素组成，各元素原子百分比在合理范围内，形成高混合熵效应。材料摘要明确提到'面向高熵合金的机器学习模型预测数据'，进一步确认其高熵材料属性。
2025-10-13 02:30:49 - INFO - 【特殊分类】高熵合金
2025-10-13 02:30:49 - DEBUG -   候选: 材料类, 超高温材料, 高熵材料, 多主元合金, 多元素固溶体合金, High-entropy alloy, metallic material, 材料类型, 多主元高混乱度合金, 抗辐照新材料
2025-10-13 02:30:49 - INFO -   结果: 高熵材料
2025-10-13 02:30:49 - DEBUG -   理由: 该材料Mn1Fe1Co1Ni1Cu1Nb2包含6种主要元素（Mn、Fe、Co、Ni、Cu、Nb），具有多元素等原子比或近等原子比的组成特征，符合高熵合金的定义：由5种或更多主要元素组成，各元素原子百分比在合理范围内，形成高混合熵效应。材料摘要明确提到'面向高熵合金的机器学习模型预测数据'，进一步确认其高熵材料属性。
2025-10-13 02:30:49 - INFO - 
【挂载】挂载到目标节点: 高熵材料
2025-10-13 02:30:49 - INFO - 【挂载成功】Material_9f53e9f1b2d2 → 高熵材料
2025-10-13 02:30:49 - INFO -   路径: 材料 → 金属材料 → 特殊用途金属材料 → 高熵合金 → 高熵材料
2025-10-13 02:30:49 - INFO - 
======================================================================
2025-10-13 02:30:49 - INFO - 开始处理材料 #1
2025-10-13 02:30:49 - INFO - ======================================================================
2025-10-13 02:30:49 - INFO - 
【层级 1】当前节点: 材料
2025-10-13 02:30:49 - DEBUG - 找到 7 个子节点（方向: outbound）
2025-10-13 02:30:49 - DEBUG - 开始分类，父节点: 材料
2025-10-13 02:31:00 - DEBUG - 分类成功: 金属材料
2025-10-13 02:31:00 - DEBUG - 理由: 该材料Mn1Zr1Ta1是由锰(Mn)、锆(Zr)、钽(Ta)三种金属元素组成的高熵合金，属于金属合金材料。高熵合金是金属材料的一个重要分支，具有多种主要元素组成的特殊微观结构和性能特征。
2025-10-13 02:31:00 - INFO - 【层级 1】分类: 材料
2025-10-13 02:31:00 - DEBUG -   候选: 性能, 金属材料, 无机非金属材料, 信息材料, 能源材料, 复合材料, 有机高分子材料
2025-10-13 02:31:00 - INFO -   结果: 金属材料
2025-10-13 02:31:00 - DEBUG -   理由: 该材料Mn1Zr1Ta1是由锰(Mn)、锆(Zr)、钽(Ta)三种金属元素组成的高熵合金，属于金属合金材料。高熵合金是金属材料的一个重要分支，具有多种主要元素组成的特殊微观结构和性能特征。
2025-10-13 02:31:00 - INFO - 
【层级 2】当前节点: 金属材料
2025-10-13 02:31:00 - DEBUG - 找到 5 个子节点（方向: outbound）
2025-10-13 02:31:00 - DEBUG - 开始分类，父节点: 金属材料
2025-10-13 02:31:12 - DEBUG - 分类成功: 特殊用途金属材料
2025-10-13 02:31:12 - DEBUG - 理由: 该材料Mn1Zr1Ta1是基于高熵合金理念设计的金属材料，具有高硬度特性（预测硬度563.49），属于新型合金设计范畴。高熵合金作为特殊用途金属材料，具有独特的性能组合，常用于高温、耐磨、耐腐蚀等特殊应用场景。
2025-10-13 02:31:12 - INFO - 【层级 2】分类: 金属材料
2025-10-13 02:31:12 - DEBUG -   候选: 金属功能材料, 有色金属材料, 粉末冶金材料, 钢铁, 特殊用途金属材料
2025-10-13 02:31:12 - INFO -   结果: 特殊用途金属材料
2025-10-13 02:31:12 - DEBUG -   理由: 该材料Mn1Zr1Ta1是基于高熵合金理念设计的金属材料，具有高硬度特性（预测硬度563.49），属于新型合金设计范畴。高熵合金作为特殊用途金属材料，具有独特的性能组合，常用于高温、耐磨、耐腐蚀等特殊应用场景。
2025-10-13 02:31:12 - INFO - 
【层级 3】当前节点: 特殊用途金属材料
2025-10-13 02:31:12 - DEBUG - 找到 5 个子节点（方向: outbound）
2025-10-13 02:31:12 - DEBUG - 开始分类，父节点: 特殊用途金属材料
2025-10-13 02:31:24 - DEBUG - 分类成功: 高熵合金
2025-10-13 02:31:24 - DEBUG - 理由: 该材料Mn1Zr1Ta1由三种主要元素组成，各元素原子比为1:1:1，符合高熵合金的多主元等原子比特征。摘要明确提到'面向高熵合金的机器学习模型预测数据'，且材料具有较高的预测硬度(563.5)，这些都是高熵合金的典型特征。
2025-10-13 02:31:24 - INFO - 【层级 3】分类: 特殊用途金属材料
2025-10-13 02:31:24 - DEBUG -   候选: 高温合金, 金属间化合物, 高熵合金, 耐磨金属材料, 耐蚀合金
2025-10-13 02:31:24 - INFO -   结果: 高熵合金
2025-10-13 02:31:24 - DEBUG -   理由: 该材料Mn1Zr1Ta1由三种主要元素组成，各元素原子比为1:1:1，符合高熵合金的多主元等原子比特征。摘要明确提到'面向高熵合金的机器学习模型预测数据'，且材料具有较高的预测硬度(563.5)，这些都是高熵合金的典型特征。
2025-10-13 02:31:24 - INFO - 
【层级 4】当前节点: 高熵合金
2025-10-13 02:31:24 - INFO - ✅ 检测到特殊节点: 高熵合金
2025-10-13 02:31:24 - INFO - 
【特殊分类】开始为 '高熵合金' 选择具体实例
2025-10-13 02:31:24 - DEBUG - 开始选择实例，特殊节点: 高熵合金
2025-10-13 02:31:36 - DEBUG - 选择成功: 高熵材料
2025-10-13 02:31:36 - DEBUG - 理由: 该材料Mn1Zr1Ta1具有三种主要元素以等摩尔比组成，摘要明确提到'面向高熵合金的机器学习模型预测数据'，表明这是一个高熵合金系统。虽然只有三种元素，但符合高熵材料的基本特征，且专门使用高熵合金模型进行预测，因此归类为高熵材料。
2025-10-13 02:31:36 - INFO - 【特殊分类】高熵合金
2025-10-13 02:31:36 - DEBUG -   候选: 材料类, 超高温材料, 高熵材料, 多主元合金, 多元素固溶体合金, High-entropy alloy, metallic material, 材料类型, 多主元高混乱度合金, 抗辐照新材料
2025-10-13 02:31:36 - INFO -   结果: 高熵材料
2025-10-13 02:31:36 - DEBUG -   理由: 该材料Mn1Zr1Ta1具有三种主要元素以等摩尔比组成，摘要明确提到'面向高熵合金的机器学习模型预测数据'，表明这是一个高熵合金系统。虽然只有三种元素，但符合高熵材料的基本特征，且专门使用高熵合金模型进行预测，因此归类为高熵材料。
2025-10-13 02:31:36 - INFO - 
【挂载】挂载到目标节点: 高熵材料
2025-10-13 02:31:36 - INFO - 【挂载成功】Material_c71f38ad2ea4 → 高熵材料
2025-10-13 02:31:36 - INFO -   路径: 材料 → 金属材料 → 特殊用途金属材料 → 高熵合金 → 高熵材料
2025-10-13 02:31:36 - INFO - 
======================================================================
2025-10-13 02:31:36 - INFO - 开始处理材料 #2
2025-10-13 02:31:36 - INFO - ======================================================================
2025-10-13 02:31:36 - INFO - 
【层级 1】当前节点: 材料
2025-10-13 02:31:36 - DEBUG - 找到 7 个子节点（方向: outbound）
2025-10-13 02:31:36 - DEBUG - 开始分类，父节点: 材料
2025-10-13 02:31:51 - DEBUG - 分类成功: 金属材料
2025-10-13 02:31:51 - DEBUG - 理由: 该材料Ti1V1Cr2Zr1Nb1Hf1是由多种金属元素（Ti、V、Cr、Zr、Nb、Hf）组成的高熵合金，具有多组元成分特征。高熵合金属于金属材料的一个特殊分支，具有独特的微观结构和性能。材料摘要明确提到'面向高熵合金的机器学习模型预测数据'，且预测了硬度这一力学性能指标。
2025-10-13 02:31:51 - INFO - 【层级 1】分类: 材料
2025-10-13 02:31:51 - DEBUG -   候选: 性能, 金属材料, 无机非金属材料, 信息材料, 能源材料, 复合材料, 有机高分子材料
2025-10-13 02:31:51 - INFO -   结果: 金属材料
2025-10-13 02:31:51 - DEBUG -   理由: 该材料Ti1V1Cr2Zr1Nb1Hf1是由多种金属元素（Ti、V、Cr、Zr、Nb、Hf）组成的高熵合金，具有多组元成分特征。高熵合金属于金属材料的一个特殊分支，具有独特的微观结构和性能。材料摘要明确提到'面向高熵合金的机器学习模型预测数据'，且预测了硬度这一力学性能指标。
2025-10-13 02:31:51 - INFO - 
【层级 2】当前节点: 金属材料
2025-10-13 02:31:51 - DEBUG - 找到 5 个子节点（方向: outbound）
2025-10-13 02:31:51 - DEBUG - 开始分类，父节点: 金属材料
2025-10-13 02:32:04 - DEBUG - 分类成功: 特殊用途金属材料
2025-10-13 02:32:04 - DEBUG - 理由: 该材料Ti1V1Cr2Zr1Nb1Hf1具有高熵合金的典型特征：由钛、钒、铬、锆、铌、铪六种主要元素组成，每种元素原子分数相近。摘要明确提到是'面向高熵合金的机器学习模型预测数据'。高熵合金属于特殊用途金属材料，具有独特的性能特点，常用于高温、耐磨、耐腐蚀等特殊应用场景。
2025-10-13 02:32:04 - INFO - 【层级 2】分类: 金属材料
2025-10-13 02:32:04 - DEBUG -   候选: 金属功能材料, 有色金属材料, 粉末冶金材料, 钢铁, 特殊用途金属材料
2025-10-13 02:32:04 - INFO -   结果: 特殊用途金属材料
2025-10-13 02:32:04 - DEBUG -   理由: 该材料Ti1V1Cr2Zr1Nb1Hf1具有高熵合金的典型特征：由钛、钒、铬、锆、铌、铪六种主要元素组成，每种元素原子分数相近。摘要明确提到是'面向高熵合金的机器学习模型预测数据'。高熵合金属于特殊用途金属材料，具有独特的性能特点，常用于高温、耐磨、耐腐蚀等特殊应用场景。
2025-10-13 02:32:04 - INFO - 
【层级 3】当前节点: 特殊用途金属材料
2025-10-13 02:32:04 - DEBUG - 找到 5 个子节点（方向: outbound）
2025-10-13 02:32:04 - DEBUG - 开始分类，父节点: 特殊用途金属材料
2025-10-13 02:32:17 - DEBUG - 分类成功: 高熵合金
2025-10-13 02:32:17 - DEBUG - 理由: 该材料Ti1V1Cr2Zr1Nb1Hf1包含6种主要元素（Ti、V、Cr、Zr、Nb、Hf），各元素原子比例相近，形成多主元合金结构。材料描述明确为'面向高熵合金的机器学习模型预测数据'，具有高混合熵特征，符合高熵合金的定义。预测硬度531.69表明其具有优异的力学性能。
2025-10-13 02:32:17 - INFO - 【层级 3】分类: 特殊用途金属材料
2025-10-13 02:32:17 - DEBUG -   候选: 高温合金, 金属间化合物, 高熵合金, 耐磨金属材料, 耐蚀合金
2025-10-13 02:32:17 - INFO -   结果: 高熵合金
2025-10-13 02:32:17 - DEBUG -   理由: 该材料Ti1V1Cr2Zr1Nb1Hf1包含6种主要元素（Ti、V、Cr、Zr、Nb、Hf），各元素原子比例相近，形成多主元合金结构。材料描述明确为'面向高熵合金的机器学习模型预测数据'，具有高混合熵特征，符合高熵合金的定义。预测硬度531.69表明其具有优异的力学性能。
2025-10-13 02:32:17 - INFO - 
【层级 4】当前节点: 高熵合金
2025-10-13 02:32:17 - INFO - ✅ 检测到特殊节点: 高熵合金
2025-10-13 02:32:17 - INFO - 
【特殊分类】开始为 '高熵合金' 选择具体实例
2025-10-13 02:32:17 - DEBUG - 开始选择实例，特殊节点: 高熵合金
2025-10-13 02:32:30 - DEBUG - 选择成功: High-entropy alloy
2025-10-13 02:32:30 - DEBUG - 理由: 该材料Ti1V1Cr2Zr1Nb1Hf1具有典型的高熵合金特征：包含6种主要元素（Ti、V、Cr、Zr、Nb、Hf），以近似等原子比组成（1:1:2:1:1:1），形成多主元固溶体结构。材料标题和摘要都明确标注为高熵合金，且通过机器学习模型预测硬度性能，符合高熵合金的研究范畴。
2025-10-13 02:32:30 - INFO - 【特殊分类】高熵合金
2025-10-13 02:32:30 - DEBUG -   候选: 材料类, 超高温材料, 高熵材料, 多主元合金, 多元素固溶体合金, High-entropy alloy, metallic material, 材料类型, 多主元高混乱度合金, 抗辐照新材料
2025-10-13 02:32:30 - INFO -   结果: High-entropy alloy
2025-10-13 02:32:30 - DEBUG -   理由: 该材料Ti1V1Cr2Zr1Nb1Hf1具有典型的高熵合金特征：包含6种主要元素（Ti、V、Cr、Zr、Nb、Hf），以近似等原子比组成（1:1:2:1:1:1），形成多主元固溶体结构。材料标题和摘要都明确标注为高熵合金，且通过机器学习模型预测硬度性能，符合高熵合金的研究范畴。
2025-10-13 02:32:30 - INFO - 
【挂载】挂载到目标节点: High-entropy alloy
2025-10-13 02:32:30 - INFO - 【挂载成功】Material_03705ecae9cb → High-entropy alloy
2025-10-13 02:32:30 - INFO -   路径: 材料 → 金属材料 → 特殊用途金属材料 → 高熵合金 → High-entropy alloy
2025-10-13 02:32:30 - INFO - 
======================================================================
2025-10-13 02:32:30 - INFO - 开始处理材料 #3
2025-10-13 02:32:30 - INFO - ======================================================================
2025-10-13 02:32:30 - INFO - 
【层级 1】当前节点: 材料
2025-10-13 02:32:30 - DEBUG - 找到 7 个子节点（方向: outbound）
2025-10-13 02:32:30 - DEBUG - 开始分类，父节点: 材料
2025-10-13 02:32:40 - DEBUG - 分类成功: 金属材料
2025-10-13 02:32:40 - DEBUG - 理由: 该材料由V、Cr、Co、Cu、Ta五种金属元素组成，明确标注为高熵合金，属于多组元金属合金体系。高熵合金是金属材料的一个重要分支，具有独特的性能特点，属于金属功能材料的范畴。
2025-10-13 02:32:40 - INFO - 【层级 1】分类: 材料
2025-10-13 02:32:40 - DEBUG -   候选: 性能, 金属材料, 无机非金属材料, 信息材料, 能源材料, 复合材料, 有机高分子材料
2025-10-13 02:32:40 - INFO -   结果: 金属材料
2025-10-13 02:32:40 - DEBUG -   理由: 该材料由V、Cr、Co、Cu、Ta五种金属元素组成，明确标注为高熵合金，属于多组元金属合金体系。高熵合金是金属材料的一个重要分支，具有独特的性能特点，属于金属功能材料的范畴。
2025-10-13 02:32:40 - INFO - 
【层级 2】当前节点: 金属材料
2025-10-13 02:32:40 - DEBUG - 找到 5 个子节点（方向: outbound）
2025-10-13 02:32:40 - DEBUG - 开始分类，父节点: 金属材料
2025-10-13 02:32:54 - DEBUG - 分类成功: 特殊用途金属材料
2025-10-13 02:32:54 - DEBUG - 理由: 该材料V1Cr1Co1Cu2Ta1是典型的高熵合金，由五种主要元素组成。高熵合金具有特殊的性能特点，如高强度、高硬度（预测硬度656.1）、优异的耐腐蚀性等，属于特殊用途金属材料。其多主元设计使其区别于传统合金，具有独特的微观结构和性能特征。
2025-10-13 02:32:54 - INFO - 【层级 2】分类: 金属材料
2025-10-13 02:32:54 - DEBUG -   候选: 金属功能材料, 有色金属材料, 粉末冶金材料, 钢铁, 特殊用途金属材料
2025-10-13 02:32:54 - INFO -   结果: 特殊用途金属材料
2025-10-13 02:32:54 - DEBUG -   理由: 该材料V1Cr1Co1Cu2Ta1是典型的高熵合金，由五种主要元素组成。高熵合金具有特殊的性能特点，如高强度、高硬度（预测硬度656.1）、优异的耐腐蚀性等，属于特殊用途金属材料。其多主元设计使其区别于传统合金，具有独特的微观结构和性能特征。
2025-10-13 02:32:54 - INFO - 
【层级 3】当前节点: 特殊用途金属材料
2025-10-13 02:32:54 - DEBUG - 找到 5 个子节点（方向: outbound）
2025-10-13 02:32:54 - DEBUG - 开始分类，父节点: 特殊用途金属材料
2025-10-13 02:33:06 - DEBUG - 分类成功: 高熵合金
2025-10-13 02:33:06 - DEBUG - 理由: 该材料V1Cr1Co1Cu2Ta1包含5种主要元素，符合高熵合金的多主元特征；材料描述明确标注为'面向高熵合金的机器学习模型预测数据'；成分中多种元素以相近比例存在，形成多元素固溶体结构；预测硬度656.1表明具有优异的力学性能，这些都是高熵合金的典型特征。
2025-10-13 02:33:06 - INFO - 【层级 3】分类: 特殊用途金属材料
2025-10-13 02:33:06 - DEBUG -   候选: 高温合金, 金属间化合物, 高熵合金, 耐磨金属材料, 耐蚀合金
2025-10-13 02:33:06 - INFO -   结果: 高熵合金
2025-10-13 02:33:06 - DEBUG -   理由: 该材料V1Cr1Co1Cu2Ta1包含5种主要元素，符合高熵合金的多主元特征；材料描述明确标注为'面向高熵合金的机器学习模型预测数据'；成分中多种元素以相近比例存在，形成多元素固溶体结构；预测硬度656.1表明具有优异的力学性能，这些都是高熵合金的典型特征。
2025-10-13 02:33:06 - INFO - 
【层级 4】当前节点: 高熵合金
2025-10-13 02:33:06 - INFO - ✅ 检测到特殊节点: 高熵合金
2025-10-13 02:33:06 - INFO - 
【特殊分类】开始为 '高熵合金' 选择具体实例
2025-10-13 02:33:06 - DEBUG - 开始选择实例，特殊节点: 高熵合金
2025-10-13 02:33:16 - DEBUG - 选择成功: 高熵材料
2025-10-13 02:33:16 - DEBUG - 理由: 该材料包含V、Cr、Co、Cu、Ta五种主要元素，摩尔比为1:1:1:2:1，符合多主元合金特征。摘要明确提到'面向高熵合金的机器学习模型预测数据'，且具有高硬度特性(656.1)，这些都是高熵材料的典型特征。
2025-10-13 02:33:16 - INFO - 【特殊分类】高熵合金
2025-10-13 02:33:16 - DEBUG -   候选: 材料类, 超高温材料, 高熵材料, 多主元合金, 多元素固溶体合金, High-entropy alloy, metallic material, 材料类型, 多主元高混乱度合金, 抗辐照新材料
2025-10-13 02:33:16 - INFO -   结果: 高熵材料
2025-10-13 02:33:16 - DEBUG -   理由: 该材料包含V、Cr、Co、Cu、Ta五种主要元素，摩尔比为1:1:1:2:1，符合多主元合金特征。摘要明确提到'面向高熵合金的机器学习模型预测数据'，且具有高硬度特性(656.1)，这些都是高熵材料的典型特征。
2025-10-13 02:33:16 - INFO - 
【挂载】挂载到目标节点: 高熵材料
2025-10-13 02:33:16 - INFO - 【挂载成功】Material_05433c2a9aeb → 高熵材料
2025-10-13 02:33:16 - INFO -   路径: 材料 → 金属材料 → 特殊用途金属材料 → 高熵合金 → 高熵材料
2025-10-13 02:33:16 - INFO - 
======================================================================
2025-10-13 02:33:16 - INFO - 开始处理材料 #4
2025-10-13 02:33:16 - INFO - ======================================================================
2025-10-13 02:33:16 - INFO - 
【层级 1】当前节点: 材料
2025-10-13 02:33:16 - DEBUG - 找到 7 个子节点（方向: outbound）
2025-10-13 02:33:16 - DEBUG - 开始分类，父节点: 材料
2025-10-13 02:33:28 - DEBUG - 分类成功: 金属材料
2025-10-13 02:33:28 - DEBUG - 理由: 该材料Ti1Co1Cu2Nb1Mo1Ta1是高熵合金，包含Ti、Co、Cu、Nb、Mo、Ta六种金属元素，具有多主元特征和较高的预测硬度（648.01），属于金属功能材料中的高熵合金类别，主要用于结构材料和耐磨材料应用。
2025-10-13 02:33:28 - INFO - 【层级 1】分类: 材料
2025-10-13 02:33:28 - DEBUG -   候选: 性能, 金属材料, 无机非金属材料, 信息材料, 能源材料, 复合材料, 有机高分子材料
2025-10-13 02:33:28 - INFO -   结果: 金属材料
2025-10-13 02:33:28 - DEBUG -   理由: 该材料Ti1Co1Cu2Nb1Mo1Ta1是高熵合金，包含Ti、Co、Cu、Nb、Mo、Ta六种金属元素，具有多主元特征和较高的预测硬度（648.01），属于金属功能材料中的高熵合金类别，主要用于结构材料和耐磨材料应用。
2025-10-13 02:33:28 - INFO - 
【层级 2】当前节点: 金属材料
2025-10-13 02:33:28 - DEBUG - 找到 5 个子节点（方向: outbound）
2025-10-13 02:33:28 - DEBUG - 开始分类，父节点: 金属材料
2025-10-13 02:33:41 - DEBUG - 分类成功: 特殊用途金属材料
2025-10-13 02:33:41 - DEBUG - 理由: 该材料Ti1Co1Cu2Nb1Mo1Ta1具有高熵合金的典型特征：包含多种主要元素（Ti、Co、Cu、Nb、Mo、Ta共6种），元素配比相对均衡，材料标题和摘要明确标注为高熵合金，预测硬度较高（648.01）。高熵合金属于特殊用途金属材料的范畴，主要用于满足高强度、高硬度等特殊性能需求。
2025-10-13 02:33:41 - INFO - 【层级 2】分类: 金属材料
2025-10-13 02:33:41 - DEBUG -   候选: 金属功能材料, 有色金属材料, 粉末冶金材料, 钢铁, 特殊用途金属材料
2025-10-13 02:33:41 - INFO -   结果: 特殊用途金属材料
2025-10-13 02:33:41 - DEBUG -   理由: 该材料Ti1Co1Cu2Nb1Mo1Ta1具有高熵合金的典型特征：包含多种主要元素（Ti、Co、Cu、Nb、Mo、Ta共6种），元素配比相对均衡，材料标题和摘要明确标注为高熵合金，预测硬度较高（648.01）。高熵合金属于特殊用途金属材料的范畴，主要用于满足高强度、高硬度等特殊性能需求。
2025-10-13 02:33:41 - INFO - 
【层级 3】当前节点: 特殊用途金属材料
2025-10-13 02:33:41 - DEBUG - 找到 5 个子节点（方向: outbound）
2025-10-13 02:33:41 - DEBUG - 开始分类，父节点: 特殊用途金属材料
2025-10-13 02:33:54 - DEBUG - 分类成功: 高熵合金
2025-10-13 02:33:54 - DEBUG - 理由: 该材料Ti1Co1Cu2Nb1Mo1Ta1包含6种主要元素（Ti、Co、Cu、Nb、Mo、Ta），是多主元合金设计，符合高熵合金的定义。材料描述中明确提到'面向高熵合金的机器学习模型预测数据'，且具有较高的预测硬度（648.01），这些都是高熵合金的典型特征。
2025-10-13 02:33:54 - INFO - 【层级 3】分类: 特殊用途金属材料
2025-10-13 02:33:54 - DEBUG -   候选: 高温合金, 金属间化合物, 高熵合金, 耐磨金属材料, 耐蚀合金
2025-10-13 02:33:54 - INFO -   结果: 高熵合金
2025-10-13 02:33:54 - DEBUG -   理由: 该材料Ti1Co1Cu2Nb1Mo1Ta1包含6种主要元素（Ti、Co、Cu、Nb、Mo、Ta），是多主元合金设计，符合高熵合金的定义。材料描述中明确提到'面向高熵合金的机器学习模型预测数据'，且具有较高的预测硬度（648.01），这些都是高熵合金的典型特征。
2025-10-13 02:33:54 - INFO - 
【层级 4】当前节点: 高熵合金
2025-10-13 02:33:54 - INFO - ✅ 检测到特殊节点: 高熵合金
2025-10-13 02:33:54 - INFO - 
【特殊分类】开始为 '高熵合金' 选择具体实例
2025-10-13 02:33:54 - DEBUG - 开始选择实例，特殊节点: 高熵合金
2025-10-13 02:34:05 - DEBUG - 选择成功: 高熵材料
2025-10-13 02:34:05 - DEBUG - 理由: 该材料Ti1Co1Cu2Nb1Mo1Ta1包含6种主要元素，具有多主元合金特征，摘要明确提到'面向高熵合金的机器学习模型预测数据'，且具有较高的预测硬度，符合高熵材料的定义特征：多种主要元素形成固溶体结构。
2025-10-13 02:34:05 - INFO - 【特殊分类】高熵合金
2025-10-13 02:34:05 - DEBUG -   候选: 材料类, 超高温材料, 高熵材料, 多主元合金, 多元素固溶体合金, High-entropy alloy, metallic material, 材料类型, 多主元高混乱度合金, 抗辐照新材料
2025-10-13 02:34:05 - INFO -   结果: 高熵材料
2025-10-13 02:34:05 - DEBUG -   理由: 该材料Ti1Co1Cu2Nb1Mo1Ta1包含6种主要元素，具有多主元合金特征，摘要明确提到'面向高熵合金的机器学习模型预测数据'，且具有较高的预测硬度，符合高熵材料的定义特征：多种主要元素形成固溶体结构。
2025-10-13 02:34:05 - INFO - 
【挂载】挂载到目标节点: 高熵材料
2025-10-13 02:34:05 - INFO - 【挂载成功】Material_edd70defb7c5 → 高熵材料
2025-10-13 02:34:05 - INFO -   路径: 材料 → 金属材料 → 特殊用途金属材料 → 高熵合金 → 高熵材料
2025-10-13 02:34:05 - INFO - 
======================================================================
2025-10-13 02:34:05 - INFO - 开始处理材料 #5
2025-10-13 02:34:05 - INFO - ======================================================================
2025-10-13 02:34:05 - INFO - 
【层级 1】当前节点: 材料
2025-10-13 02:34:05 - DEBUG - 找到 7 个子节点（方向: outbound）
2025-10-13 02:34:05 - DEBUG - 开始分类，父节点: 材料
2025-10-13 02:34:17 - DEBUG - 分类成功: 金属材料
2025-10-13 02:34:17 - DEBUG - 理由: 该材料V2Cr1Nb1Hf1Ta1Au1是由多种金属元素（V、Cr、Nb、Ta、Hf、Au）组成的高熵合金，属于金属合金材料。虽然数据中包含硬度性能预测，但材料的本质是金属合金，因此归类为金属材料。
2025-10-13 02:34:17 - INFO - 【层级 1】分类: 材料
2025-10-13 02:34:17 - DEBUG -   候选: 性能, 金属材料, 无机非金属材料, 信息材料, 能源材料, 复合材料, 有机高分子材料
2025-10-13 02:34:17 - INFO -   结果: 金属材料
2025-10-13 02:34:17 - DEBUG -   理由: 该材料V2Cr1Nb1Hf1Ta1Au1是由多种金属元素（V、Cr、Nb、Ta、Hf、Au）组成的高熵合金，属于金属合金材料。虽然数据中包含硬度性能预测，但材料的本质是金属合金，因此归类为金属材料。
2025-10-13 02:34:17 - INFO - 
【层级 2】当前节点: 金属材料
2025-10-13 02:34:17 - DEBUG - 找到 5 个子节点（方向: outbound）
2025-10-13 02:34:17 - DEBUG - 开始分类，父节点: 金属材料
2025-10-13 02:34:35 - DEBUG - 分类成功: 特殊用途金属材料
2025-10-13 02:34:35 - DEBUG - 理由: 该材料V2Cr1Nb1Hf1Ta1Au1由6种主要元素组成，成分相对均衡，摘要中明确标注为'高熵合金'。高熵合金是特殊用途金属材料的一个重要子类，具有多主元、高混合熵的特点，常用于开发具有特殊性能的新型金属材料。
2025-10-13 02:34:35 - INFO - 【层级 2】分类: 金属材料
2025-10-13 02:34:35 - DEBUG -   候选: 金属功能材料, 有色金属材料, 粉末冶金材料, 钢铁, 特殊用途金属材料
2025-10-13 02:34:35 - INFO -   结果: 特殊用途金属材料
2025-10-13 02:34:35 - DEBUG -   理由: 该材料V2Cr1Nb1Hf1Ta1Au1由6种主要元素组成，成分相对均衡，摘要中明确标注为'高熵合金'。高熵合金是特殊用途金属材料的一个重要子类，具有多主元、高混合熵的特点，常用于开发具有特殊性能的新型金属材料。
2025-10-13 02:34:35 - INFO - 
【层级 3】当前节点: 特殊用途金属材料
2025-10-13 02:34:35 - DEBUG - 找到 5 个子节点（方向: outbound）
2025-10-13 02:34:35 - DEBUG - 开始分类，父节点: 特殊用途金属材料
2025-10-13 02:34:46 - DEBUG - 分类成功: 高熵合金
2025-10-13 02:34:46 - DEBUG - 理由: 材料成分为V2Cr1Nb1Hf1Ta1Au1，包含6种主要金属元素，符合高熵合金的多主元特征。标题和摘要明确标注为'高熵合金'的机器学习模型预测数据。具有较高的预测硬度(564.6)，这是高熵合金的典型性能特征。
2025-10-13 02:34:46 - INFO - 【层级 3】分类: 特殊用途金属材料
2025-10-13 02:34:46 - DEBUG -   候选: 高温合金, 金属间化合物, 高熵合金, 耐磨金属材料, 耐蚀合金
2025-10-13 02:34:46 - INFO -   结果: 高熵合金
2025-10-13 02:34:46 - DEBUG -   理由: 材料成分为V2Cr1Nb1Hf1Ta1Au1，包含6种主要金属元素，符合高熵合金的多主元特征。标题和摘要明确标注为'高熵合金'的机器学习模型预测数据。具有较高的预测硬度(564.6)，这是高熵合金的典型性能特征。
2025-10-13 02:34:46 - INFO - 
【层级 4】当前节点: 高熵合金
2025-10-13 02:34:46 - INFO - ✅ 检测到特殊节点: 高熵合金
2025-10-13 02:34:46 - INFO - 
【特殊分类】开始为 '高熵合金' 选择具体实例
2025-10-13 02:34:46 - DEBUG - 开始选择实例，特殊节点: 高熵合金
2025-10-13 02:34:57 - DEBUG - 选择成功: 高熵材料
2025-10-13 02:34:57 - DEBUG - 理由: 该材料V2Cr1Nb1Hf1Ta1Au1包含6种主要元素，具有多主元特征，且摘要明确提到'面向高熵合金的机器学习模型预测数据'，直接表明属于高熵材料范畴。其成分比重相对均衡，符合高熵合金的设计理念。
2025-10-13 02:34:57 - INFO - 【特殊分类】高熵合金
2025-10-13 02:34:57 - DEBUG -   候选: 材料类, 超高温材料, 高熵材料, 多主元合金, 多元素固溶体合金, High-entropy alloy, metallic material, 材料类型, 多主元高混乱度合金, 抗辐照新材料
2025-10-13 02:34:57 - INFO -   结果: 高熵材料
2025-10-13 02:34:57 - DEBUG -   理由: 该材料V2Cr1Nb1Hf1Ta1Au1包含6种主要元素，具有多主元特征，且摘要明确提到'面向高熵合金的机器学习模型预测数据'，直接表明属于高熵材料范畴。其成分比重相对均衡，符合高熵合金的设计理念。
2025-10-13 02:34:57 - INFO - 
【挂载】挂载到目标节点: 高熵材料
2025-10-13 02:34:57 - INFO - 【挂载成功】Material_d656da99927d → 高熵材料
2025-10-13 02:34:57 - INFO -   路径: 材料 → 金属材料 → 特殊用途金属材料 → 高熵合金 → 高熵材料
2025-10-13 02:34:57 - INFO - 
======================================================================
2025-10-13 02:34:57 - INFO - 开始处理材料 #6
2025-10-13 02:34:57 - INFO - ======================================================================
2025-10-13 02:34:57 - INFO - 
【层级 1】当前节点: 材料
2025-10-13 02:34:57 - DEBUG - 找到 7 个子节点（方向: outbound）
2025-10-13 02:34:57 - DEBUG - 开始分类，父节点: 材料
2025-10-13 02:35:11 - DEBUG - 分类成功: 金属材料
2025-10-13 02:35:11 - DEBUG - 理由: 该材料Mn1Co1Ni1Cu1Zr2Ta1是高熵合金，由多种金属元素（Mn、Co、Ni、Cu、Zr、Ta）组成，具有多主元特征。高熵合金属于金属材料的一个特殊类别，主要关注其力学性能（硬度为638.09），符合金属材料的成分和性质特征。
2025-10-13 02:35:11 - INFO - 【层级 1】分类: 材料
2025-10-13 02:35:11 - DEBUG -   候选: 性能, 金属材料, 无机非金属材料, 信息材料, 能源材料, 复合材料, 有机高分子材料
2025-10-13 02:35:11 - INFO -   结果: 金属材料
2025-10-13 02:35:11 - DEBUG -   理由: 该材料Mn1Co1Ni1Cu1Zr2Ta1是高熵合金，由多种金属元素（Mn、Co、Ni、Cu、Zr、Ta）组成，具有多主元特征。高熵合金属于金属材料的一个特殊类别，主要关注其力学性能（硬度为638.09），符合金属材料的成分和性质特征。
2025-10-13 02:35:11 - INFO - 
【层级 2】当前节点: 金属材料
2025-10-13 02:35:11 - DEBUG - 找到 5 个子节点（方向: outbound）
2025-10-13 02:35:11 - DEBUG - 开始分类，父节点: 金属材料
2025-10-13 02:35:26 - DEBUG - 分类成功: 特殊用途金属材料
2025-10-13 02:35:26 - DEBUG - 理由: 该材料Mn1Co1Ni1Cu1Zr2Ta1是一个典型的高熵合金，包含6种主要金属元素，具有高混合熵特性。高熵合金属于特殊用途金属材料，具有特殊的力学性能（预测硬度638.09）和结构特性，常用于高温、耐磨、耐腐蚀等特殊应用场景。
2025-10-13 02:35:26 - INFO - 【层级 2】分类: 金属材料
2025-10-13 02:35:26 - DEBUG -   候选: 金属功能材料, 有色金属材料, 粉末冶金材料, 钢铁, 特殊用途金属材料
2025-10-13 02:35:26 - INFO -   结果: 特殊用途金属材料
2025-10-13 02:35:26 - DEBUG -   理由: 该材料Mn1Co1Ni1Cu1Zr2Ta1是一个典型的高熵合金，包含6种主要金属元素，具有高混合熵特性。高熵合金属于特殊用途金属材料，具有特殊的力学性能（预测硬度638.09）和结构特性，常用于高温、耐磨、耐腐蚀等特殊应用场景。
2025-10-13 02:35:26 - INFO - 
【层级 3】当前节点: 特殊用途金属材料
2025-10-13 02:35:26 - DEBUG - 找到 5 个子节点（方向: outbound）
2025-10-13 02:35:26 - DEBUG - 开始分类，父节点: 特殊用途金属材料
2025-10-13 02:35:36 - DEBUG - 分类成功: 高熵合金
2025-10-13 02:35:36 - DEBUG - 理由: 该材料Mn1Co1Ni1Cu1Zr2Ta1具有6种主要元素按近似等原子比配置，符合高熵合金的多主元合金特征。标题和摘要明确标注为高熵合金，且具有较高的预测硬度(638.09)，这些都是高熵合金的典型特性。
2025-10-13 02:35:36 - INFO - 【层级 3】分类: 特殊用途金属材料
2025-10-13 02:35:36 - DEBUG -   候选: 高温合金, 金属间化合物, 高熵合金, 耐磨金属材料, 耐蚀合金
2025-10-13 02:35:36 - INFO -   结果: 高熵合金
2025-10-13 02:35:36 - DEBUG -   理由: 该材料Mn1Co1Ni1Cu1Zr2Ta1具有6种主要元素按近似等原子比配置，符合高熵合金的多主元合金特征。标题和摘要明确标注为高熵合金，且具有较高的预测硬度(638.09)，这些都是高熵合金的典型特性。
2025-10-13 02:35:36 - INFO - 
【层级 4】当前节点: 高熵合金
2025-10-13 02:35:36 - INFO - ✅ 检测到特殊节点: 高熵合金
2025-10-13 02:35:36 - INFO - 
【特殊分类】开始为 '高熵合金' 选择具体实例
2025-10-13 02:35:36 - DEBUG - 开始选择实例，特殊节点: 高熵合金
2025-10-13 02:35:49 - DEBUG - 选择成功: 高熵材料
2025-10-13 02:35:49 - DEBUG - 理由: 该材料Mn1Co1Ni1Cu1Zr2Ta1包含6种主要元素，具有多主元、等摩尔比（除Zr外）的特征，形成高熵固溶体结构，符合高熵材料的定义：由多种主要元素组成，具有高构型熵的合金体系。
2025-10-13 02:35:49 - INFO - 【特殊分类】高熵合金
2025-10-13 02:35:49 - DEBUG -   候选: 材料类, 超高温材料, 高熵材料, 多主元合金, 多元素固溶体合金, High-entropy alloy, metallic material, 材料类型, 多主元高混乱度合金, 抗辐照新材料
2025-10-13 02:35:49 - INFO -   结果: 高熵材料
2025-10-13 02:35:49 - DEBUG -   理由: 该材料Mn1Co1Ni1Cu1Zr2Ta1包含6种主要元素，具有多主元、等摩尔比（除Zr外）的特征，形成高熵固溶体结构，符合高熵材料的定义：由多种主要元素组成，具有高构型熵的合金体系。
2025-10-13 02:35:49 - INFO - 
【挂载】挂载到目标节点: 高熵材料
2025-10-13 02:35:49 - INFO - 【挂载成功】Material_1ba78758c40c → 高熵材料
2025-10-13 02:35:49 - INFO -   路径: 材料 → 金属材料 → 特殊用途金属材料 → 高熵合金 → 高熵材料
2025-10-13 02:35:49 - INFO - 
======================================================================
2025-10-13 02:35:49 - INFO - 开始处理材料 #7
2025-10-13 02:35:49 - INFO - ======================================================================
2025-10-13 02:35:49 - INFO - 
【层级 1】当前节点: 材料
2025-10-13 02:35:49 - DEBUG - 找到 7 个子节点（方向: outbound）
2025-10-13 02:35:50 - DEBUG - 开始分类，父节点: 材料
2025-10-13 02:35:59 - DEBUG - 分类成功: 金属材料
2025-10-13 02:35:59 - DEBUG - 理由: 该材料是由V、Fe、Ni、Zr、Hf、Ta等多种金属元素组成的高熵合金，具有典型的金属材料特征。虽然数据中提到了硬度性能预测，但材料本身是基于金属成分的合金体系，因此应归类为金属材料。
2025-10-13 02:35:59 - INFO - 【层级 1】分类: 材料
2025-10-13 02:35:59 - DEBUG -   候选: 性能, 金属材料, 无机非金属材料, 信息材料, 能源材料, 复合材料, 有机高分子材料
2025-10-13 02:35:59 - INFO -   结果: 金属材料
2025-10-13 02:35:59 - DEBUG -   理由: 该材料是由V、Fe、Ni、Zr、Hf、Ta等多种金属元素组成的高熵合金，具有典型的金属材料特征。虽然数据中提到了硬度性能预测，但材料本身是基于金属成分的合金体系，因此应归类为金属材料。
2025-10-13 02:35:59 - INFO - 
【层级 2】当前节点: 金属材料
2025-10-13 02:35:59 - DEBUG - 找到 5 个子节点（方向: outbound）
2025-10-13 02:35:59 - DEBUG - 开始分类，父节点: 金属材料
2025-10-13 02:36:14 - DEBUG - 分类成功: 特殊用途金属材料
2025-10-13 02:36:14 - DEBUG - 理由: 该材料V1Fe1Ni2Zr1Hf1Ta1具有高熵合金的典型特征：由6种主要元素组成（V、Fe、Ni、Zr、Hf、Ta），各元素含量相近，符合高熵合金的定义。高熵合金属于特殊用途金属材料，具有独特的力学性能和功能特性，常用于高温、耐磨、耐腐蚀等特殊应用场景。
2025-10-13 02:36:14 - INFO - 【层级 2】分类: 金属材料
2025-10-13 02:36:14 - DEBUG -   候选: 金属功能材料, 有色金属材料, 粉末冶金材料, 钢铁, 特殊用途金属材料
2025-10-13 02:36:14 - INFO -   结果: 特殊用途金属材料
2025-10-13 02:36:14 - DEBUG -   理由: 该材料V1Fe1Ni2Zr1Hf1Ta1具有高熵合金的典型特征：由6种主要元素组成（V、Fe、Ni、Zr、Hf、Ta），各元素含量相近，符合高熵合金的定义。高熵合金属于特殊用途金属材料，具有独特的力学性能和功能特性，常用于高温、耐磨、耐腐蚀等特殊应用场景。
2025-10-13 02:36:14 - INFO - 
【层级 3】当前节点: 特殊用途金属材料
2025-10-13 02:36:14 - DEBUG - 找到 5 个子节点（方向: outbound）
2025-10-13 02:36:14 - DEBUG - 开始分类，父节点: 特殊用途金属材料
2025-10-13 02:36:24 - DEBUG - 分类成功: 高熵合金
2025-10-13 02:36:24 - DEBUG - 理由: 该材料V1Fe1Ni2Zr1Hf1Ta1包含6种主要元素，符合高熵合金的多主元特征；材料描述明确为'面向高熵合金的机器学习模型预测数据'；具有较高的预测硬度(677.99)；成分设计符合高熵合金的等原子比或近等原子比组成原则
2025-10-13 02:36:24 - INFO - 【层级 3】分类: 特殊用途金属材料
2025-10-13 02:36:24 - DEBUG -   候选: 高温合金, 金属间化合物, 高熵合金, 耐磨金属材料, 耐蚀合金
2025-10-13 02:36:24 - INFO -   结果: 高熵合金
2025-10-13 02:36:24 - DEBUG -   理由: 该材料V1Fe1Ni2Zr1Hf1Ta1包含6种主要元素，符合高熵合金的多主元特征；材料描述明确为'面向高熵合金的机器学习模型预测数据'；具有较高的预测硬度(677.99)；成分设计符合高熵合金的等原子比或近等原子比组成原则
2025-10-13 02:36:24 - INFO - 
【层级 4】当前节点: 高熵合金
2025-10-13 02:36:24 - INFO - ✅ 检测到特殊节点: 高熵合金
2025-10-13 02:36:24 - INFO - 
【特殊分类】开始为 '高熵合金' 选择具体实例
2025-10-13 02:36:24 - DEBUG - 开始选择实例，特殊节点: 高熵合金
2025-10-13 02:36:40 - DEBUG - 选择成功: 高熵材料
2025-10-13 02:36:40 - DEBUG - 理由: 该材料包含V、Fe、Zr、Ta、Hf、Ni六种主要元素，以等摩尔比或接近等摩尔比配置，符合高熵合金的多主元特征。摘要明确提到'面向高熵合金的机器学习模型预测数据'，且具有较高的预测硬度，这些都是高熵材料的典型特征。
2025-10-13 02:36:40 - INFO - 【特殊分类】高熵合金
2025-10-13 02:36:40 - DEBUG -   候选: 材料类, 超高温材料, 高熵材料, 多主元合金, 多元素固溶体合金, High-entropy alloy, metallic material, 材料类型, 多主元高混乱度合金, 抗辐照新材料
2025-10-13 02:36:40 - INFO -   结果: 高熵材料
2025-10-13 02:36:40 - DEBUG -   理由: 该材料包含V、Fe、Zr、Ta、Hf、Ni六种主要元素，以等摩尔比或接近等摩尔比配置，符合高熵合金的多主元特征。摘要明确提到'面向高熵合金的机器学习模型预测数据'，且具有较高的预测硬度，这些都是高熵材料的典型特征。
2025-10-13 02:36:40 - INFO - 
【挂载】挂载到目标节点: 高熵材料
2025-10-13 02:36:40 - INFO - 【挂载成功】Material_6969f6fc23d1 → 高熵材料
2025-10-13 02:36:40 - INFO -   路径: 材料 → 金属材料 → 特殊用途金属材料 → 高熵合金 → 高熵材料
2025-10-13 02:36:40 - INFO - 
======================================================================
2025-10-13 02:36:40 - INFO - 开始处理材料 #8
2025-10-13 02:36:40 - INFO - ======================================================================
2025-10-13 02:36:40 - INFO - 
【层级 1】当前节点: 材料
2025-10-13 02:36:40 - DEBUG - 找到 7 个子节点（方向: outbound）
2025-10-13 02:36:40 - DEBUG - 开始分类，父节点: 材料
2025-10-13 02:36:54 - DEBUG - 分类成功: 金属材料
2025-10-13 02:36:54 - DEBUG - 理由: 该材料Al1Fe1Ni1Zr2Nb1Au1是高熵合金，由多种金属元素组成，主要关注硬度这一力学性能。高熵合金属于金属材料的重要分支，具有金属材料的典型特征。
2025-10-13 02:36:54 - INFO - 【层级 1】分类: 材料
2025-10-13 02:36:54 - DEBUG -   候选: 性能, 金属材料, 无机非金属材料, 信息材料, 能源材料, 复合材料, 有机高分子材料
2025-10-13 02:36:54 - INFO -   结果: 金属材料
2025-10-13 02:36:54 - DEBUG -   理由: 该材料Al1Fe1Ni1Zr2Nb1Au1是高熵合金，由多种金属元素组成，主要关注硬度这一力学性能。高熵合金属于金属材料的重要分支，具有金属材料的典型特征。
2025-10-13 02:36:54 - INFO - 
【层级 2】当前节点: 金属材料
2025-10-13 02:36:54 - DEBUG - 找到 5 个子节点（方向: outbound）
2025-10-13 02:36:54 - DEBUG - 开始分类，父节点: 金属材料
2025-10-13 02:37:08 - DEBUG - 分类成功: 特殊用途金属材料
2025-10-13 02:37:08 - DEBUG - 理由: 该材料Al1Fe1Ni1Zr2Nb1Au1含有6种金属元素，是多组元高熵合金，具有较高的预测硬度(621HV)。高熵合金属于特殊用途金属材料，具有独特的性能特征，常用于特殊工程应用。
2025-10-13 02:37:08 - INFO - 【层级 2】分类: 金属材料
2025-10-13 02:37:08 - DEBUG -   候选: 金属功能材料, 有色金属材料, 粉末冶金材料, 钢铁, 特殊用途金属材料
2025-10-13 02:37:08 - INFO -   结果: 特殊用途金属材料
2025-10-13 02:37:08 - DEBUG -   理由: 该材料Al1Fe1Ni1Zr2Nb1Au1含有6种金属元素，是多组元高熵合金，具有较高的预测硬度(621HV)。高熵合金属于特殊用途金属材料，具有独特的性能特征，常用于特殊工程应用。
2025-10-13 02:37:08 - INFO - 
【层级 3】当前节点: 特殊用途金属材料
2025-10-13 02:37:08 - DEBUG - 找到 5 个子节点（方向: outbound）
2025-10-13 02:37:08 - DEBUG - 开始分类，父节点: 特殊用途金属材料
